<?xml version="1.0" encoding="UTF-8"?>
<testng-results ignored="0" total="1" passed="1" failed="0" skipped="0">
  <reporter-output>
  </reporter-output>
  <suite started-at="2025-05-23T14:22:31 IST" name="Test Framework Suite" finished-at="2025-05-23T14:22:46 IST" duration-ms="15358">
    <groups>
    </groups>
    <test started-at="2025-05-23T14:22:31 IST" name="HomePage Tests" finished-at="2025-05-23T14:22:46 IST" duration-ms="15358">
      <class name="web.tests.homePageTest.HomePageTest">
        <test-method is-config="true" signature="init()[pri:0, instance:web.tests.homePageTest.HomePageTest@d554c5f]" started-at="2025-05-23T14:22:31 IST" name="init" finished-at="2025-05-23T14:22:39 IST" duration-ms="8462" status="PASS">
          <reporter-output>
          </reporter-output>
        </test-method> <!-- init -->
        <test-method signature="Test1()[pri:0, instance:web.tests.homePageTest.HomePageTest@d554c5f]" started-at="2025-05-23T14:22:39 IST" name="Test1" finished-at="2025-05-23T14:22:46 IST" duration-ms="6427" status="PASS">
          <reporter-output>
          </reporter-output>
        </test-method> <!-- Test1 -->
        <test-method is-config="true" signature="tearDown()[pri:0, instance:web.tests.homePageTest.HomePageTest@d554c5f]" started-at="2025-05-23T14:22:46 IST" name="tearDown" finished-at="2025-05-23T14:22:46 IST" duration-ms="412" status="PASS">
          <reporter-output>
          </reporter-output>
        </test-method> <!-- tearDown -->
      </class> <!-- web.tests.homePageTest.HomePageTest -->
    </test> <!-- HomePage Tests -->
  </suite> <!-- Test Framework Suite -->
</testng-results>
